d:\luís\programming\c++\employees\employees\debug\vc141.pdb
d:\luís\programming\c++\employees\employees\debug\vc141.idb
d:\luís\programming\c++\employees\employees\debug\waiter.obj
d:\luís\programming\c++\employees\employees\debug\view.obj
d:\luís\programming\c++\employees\employees\debug\surgeon.obj
d:\luís\programming\c++\employees\employees\debug\receptionist.obj
d:\luís\programming\c++\employees\employees\debug\nurse.obj
d:\luís\programming\c++\employees\employees\debug\main.obj
d:\luís\programming\c++\employees\employees\debug\janitor.obj
d:\luís\programming\c++\employees\employees\debug\hospitalemployees.obj
d:\luís\programming\c++\employees\employees\debug\doctor.obj
d:\luís\programming\c++\employees\employees\debug\chef.obj
d:\luís\programming\c++\employees\employees\debug\cafemanager.obj
d:\luís\programming\c++\employees\employees\debug\administrator.obj
d:\luís\programming\c++\employees\employees\debug\source.obj
d:\luís\programming\c++\employees\debug\employees.pdb
d:\luís\programming\c++\employees\employees\debug\employees.tlog\cl.command.1.tlog
d:\luís\programming\c++\employees\employees\debug\employees.tlog\cl.read.1.tlog
d:\luís\programming\c++\employees\employees\debug\employees.tlog\cl.write.1.tlog
d:\luís\programming\c++\employees\employees\debug\employees.tlog\link-cvtres.read.1.tlog
d:\luís\programming\c++\employees\employees\debug\employees.tlog\link-cvtres.write.1.tlog
d:\luís\programming\c++\employees\employees\debug\employees.tlog\link-rc.read.1.tlog
d:\luís\programming\c++\employees\employees\debug\employees.tlog\link-rc.write.1.tlog
d:\luís\programming\c++\employees\employees\debug\employees.tlog\link.13700-cvtres.read.1.tlog
d:\luís\programming\c++\employees\employees\debug\employees.tlog\link.13700-cvtres.write.1.tlog
d:\luís\programming\c++\employees\employees\debug\employees.tlog\link.13700-rc.read.1.tlog
d:\luís\programming\c++\employees\employees\debug\employees.tlog\link.13700-rc.write.1.tlog
d:\luís\programming\c++\employees\employees\debug\employees.tlog\link.13700.read.1.tlog
d:\luís\programming\c++\employees\employees\debug\employees.tlog\link.13700.write.1.tlog
d:\luís\programming\c++\employees\employees\debug\employees.tlog\link.command.1.tlog
d:\luís\programming\c++\employees\employees\debug\employees.tlog\link.read.1.tlog
d:\luís\programming\c++\employees\employees\debug\employees.tlog\link.write.1.tlog
